2026-02-25 06:35:11,528 INFO SUPERVISOR_START agents=['recon', 'forge', 'command'] db=appshak_state\substrate\mailstore.db
2026-02-25 06:35:11,623 INFO WORKER_STARTED agent=recon pid=12252
2026-02-25 06:35:11,669 INFO WORKER_STARTED agent=forge pid=18844
2026-02-25 06:35:11,723 INFO WORKER_STARTED agent=command pid=2932
2026-02-25 06:37:12,090 INFO SUPERVISOR_STOP
2026-02-25 12:48:23,411 INFO SUPERVISOR_START agents=['recon', 'forge', 'command'] db=appshak_state\substrate\mailstore.db
2026-02-25 12:48:23,536 INFO WORKER_STARTED agent=recon pid=10552
2026-02-25 12:48:23,593 INFO WORKER_STARTED agent=forge pid=13632
2026-02-25 12:48:23,647 INFO WORKER_STARTED agent=command pid=9636
2026-02-25 12:48:23,696 WARNING WORKER_HEARTBEAT_MISSED agent=recon pid=10552
2026-02-25 12:48:23,746 WARNING WORKER_RESTART_SCHEDULED agent=recon reason=heartbeat_missed restart_count=1 delay=1.00s
2026-02-25 12:48:24,137 WARNING WORKER_HEARTBEAT_MISSED agent=command pid=9636
2026-02-25 12:48:24,212 WARNING WORKER_RESTART_SCHEDULED agent=command reason=heartbeat_missed restart_count=1 delay=1.00s
2026-02-25 12:48:24,960 INFO WORKER_RESTARTED agent=recon pid=18160
2026-02-25 12:48:25,548 INFO WORKER_RESTARTED agent=command pid=15924
2026-02-25 12:50:24,142 INFO SUPERVISOR_STOP
2026-02-25 22:38:11,207 INFO SUPERVISOR_START agents=['recon', 'forge', 'command'] db=appshak_state\substrate\mailstore.db
2026-02-25 22:38:11,325 INFO WORKER_STARTED agent=recon pid=18584
2026-02-25 22:38:11,378 INFO WORKER_STARTED agent=forge pid=17296
2026-02-25 22:38:11,435 INFO WORKER_STARTED agent=command pid=18020
2026-02-25 22:38:11,487 WARNING WORKER_HEARTBEAT_MISSED agent=recon pid=18584
2026-02-25 22:38:11,536 WARNING WORKER_RESTART_SCHEDULED agent=recon reason=heartbeat_missed restart_count=1 delay=1.00s
2026-02-25 22:38:12,781 INFO WORKER_RESTARTED agent=recon pid=8516
2026-02-25 22:39:11,718 INFO SUPERVISOR_STOP
2026-02-25 22:41:25,658 INFO SUPERVISOR_START agents=['recon', 'forge', 'command'] db=appshak_state\substrate\mailstore.db
2026-02-25 22:41:25,788 INFO WORKER_STARTED agent=recon pid=15796
2026-02-25 22:41:25,845 INFO WORKER_STARTED agent=forge pid=9284
2026-02-25 22:41:25,903 INFO WORKER_STARTED agent=command pid=17964
2026-02-25 22:41:25,957 WARNING WORKER_HEARTBEAT_MISSED agent=recon pid=15796
2026-02-25 22:41:26,050 WARNING WORKER_RESTART_SCHEDULED agent=recon reason=heartbeat_missed restart_count=1 delay=1.00s
2026-02-25 22:41:27,409 INFO WORKER_RESTARTED agent=recon pid=12324
2026-02-25 22:42:26,191 INFO SUPERVISOR_STOP
2026-02-25 22:44:47,053 INFO SUPERVISOR_START agents=['recon', 'forge', 'command'] db=appshak_state\substrate\mailstore.db
2026-02-25 22:44:47,166 INFO WORKER_STARTED agent=recon pid=16636
2026-02-25 22:44:47,255 INFO WORKER_STARTED agent=forge pid=5232
2026-02-25 22:44:47,329 INFO WORKER_STARTED agent=command pid=15776
2026-02-25 22:44:47,380 WARNING WORKER_HEARTBEAT_MISSED agent=recon pid=16636
2026-02-25 22:44:47,432 WARNING WORKER_RESTART_SCHEDULED agent=recon reason=heartbeat_missed restart_count=1 delay=1.00s
2026-02-25 22:44:48,590 INFO WORKER_RESTARTED agent=recon pid=12124
